{"/Users/decagon/Desktop/Practice/week-6-node-008-chiemerie386/lib/app.js": {"path":"/Users/decagon/Desktop/Practice/week-6-node-008-chiemerie386/lib/app.js","statementMap":{"0":{"start":{"line":2,"column":22},"end":{"line":4,"column":1}},"1":{"start":{"line":3,"column":4},"end":{"line":3,"column":62}},"2":{"start":{"line":5,"column":0},"end":{"line":5,"column":62}},"3":{"start":{"line":6,"column":22},"end":{"line":6,"column":61}},"4":{"start":{"line":7,"column":18},"end":{"line":7,"column":53}},"5":{"start":{"line":8,"column":15},"end":{"line":8,"column":47}},"6":{"start":{"line":9,"column":24},"end":{"line":9,"column":65}},"7":{"start":{"line":10,"column":17},"end":{"line":10,"column":51}},"8":{"start":{"line":11,"column":20},"end":{"line":11,"column":45}},"9":{"start":{"line":12,"column":20},"end":{"line":12,"column":45}},"10":{"start":{"line":13,"column":12},"end":{"line":13,"column":31}},"11":{"start":{"line":15,"column":0},"end":{"line":15,"column":58}},"12":{"start":{"line":16,"column":0},"end":{"line":16,"column":31}},"13":{"start":{"line":17,"column":0},"end":{"line":17,"column":33}},"14":{"start":{"line":18,"column":0},"end":{"line":18,"column":34}},"15":{"start":{"line":19,"column":0},"end":{"line":19,"column":59}},"16":{"start":{"line":20,"column":0},"end":{"line":20,"column":35}},"17":{"start":{"line":21,"column":0},"end":{"line":21,"column":76}},"18":{"start":{"line":22,"column":0},"end":{"line":22,"column":26}},"19":{"start":{"line":23,"column":0},"end":{"line":23,"column":31}},"20":{"start":{"line":25,"column":0},"end":{"line":27,"column":3}},"21":{"start":{"line":26,"column":4},"end":{"line":26,"column":37}},"22":{"start":{"line":29,"column":0},"end":{"line":36,"column":3}},"23":{"start":{"line":31,"column":4},"end":{"line":31,"column":37}},"24":{"start":{"line":32,"column":4},"end":{"line":32,"column":71}},"25":{"start":{"line":34,"column":4},"end":{"line":34,"column":34}},"26":{"start":{"line":35,"column":4},"end":{"line":35,"column":24}},"27":{"start":{"line":37,"column":0},"end":{"line":37,"column":21}}},"fnMap":{"0":{"name":"(anonymous_0)","decl":{"start":{"line":2,"column":56},"end":{"line":2,"column":57}},"loc":{"start":{"line":2,"column":71},"end":{"line":4,"column":1}},"line":2},"1":{"name":"(anonymous_1)","decl":{"start":{"line":25,"column":8},"end":{"line":25,"column":9}},"loc":{"start":{"line":25,"column":34},"end":{"line":27,"column":1}},"line":25},"2":{"name":"(anonymous_2)","decl":{"start":{"line":29,"column":8},"end":{"line":29,"column":9}},"loc":{"start":{"line":29,"column":39},"end":{"line":36,"column":1}},"line":29}},"branchMap":{"0":{"loc":{"start":{"line":2,"column":22},"end":{"line":4,"column":1}},"type":"binary-expr","locations":[{"start":{"line":2,"column":23},"end":{"line":2,"column":27}},{"start":{"line":2,"column":31},"end":{"line":2,"column":51}},{"start":{"line":2,"column":56},"end":{"line":4,"column":1}}],"line":2},"1":{"loc":{"start":{"line":3,"column":11},"end":{"line":3,"column":61}},"type":"cond-expr","locations":[{"start":{"line":3,"column":37},"end":{"line":3,"column":40}},{"start":{"line":3,"column":43},"end":{"line":3,"column":61}}],"line":3},"2":{"loc":{"start":{"line":3,"column":12},"end":{"line":3,"column":33}},"type":"binary-expr","locations":[{"start":{"line":3,"column":12},"end":{"line":3,"column":15}},{"start":{"line":3,"column":19},"end":{"line":3,"column":33}}],"line":3},"3":{"loc":{"start":{"line":32,"column":23},"end":{"line":32,"column":70}},"type":"cond-expr","locations":[{"start":{"line":32,"column":62},"end":{"line":32,"column":65}},{"start":{"line":32,"column":68},"end":{"line":32,"column":70}}],"line":32},"4":{"loc":{"start":{"line":34,"column":15},"end":{"line":34,"column":32}},"type":"binary-expr","locations":[{"start":{"line":34,"column":15},"end":{"line":34,"column":25}},{"start":{"line":34,"column":29},"end":{"line":34,"column":32}}],"line":34}},"s":{"0":2,"1":10,"2":2,"3":2,"4":2,"5":2,"6":2,"7":2,"8":2,"9":2,"10":2,"11":2,"12":2,"13":2,"14":2,"15":2,"16":2,"17":2,"18":2,"19":2,"20":2,"21":2,"22":2,"23":2,"24":2,"25":2,"26":2,"27":2},"f":{"0":10,"1":2,"2":2},"b":{"0":[2,2,2],"1":[0,10],"2":[10,10],"3":[0,2],"4":[2,0]},"inputSourceMap":null,"_coverageSchema":"1a1c01bbd47fc00a2c39e90264f33305004495a9","hash":"e7c19b723e45486d2f76525bacbaa7e8ad76e18e"}
,"/Users/decagon/Desktop/Practice/week-6-node-008-chiemerie386/lib/routes/index.js": {"path":"/Users/decagon/Desktop/Practice/week-6-node-008-chiemerie386/lib/routes/index.js","statementMap":{"0":{"start":{"line":2,"column":22},"end":{"line":4,"column":1}},"1":{"start":{"line":3,"column":4},"end":{"line":3,"column":62}},"2":{"start":{"line":5,"column":0},"end":{"line":5,"column":62}},"3":{"start":{"line":6,"column":18},"end":{"line":6,"column":53}},"4":{"start":{"line":7,"column":15},"end":{"line":7,"column":41}},"5":{"start":{"line":8,"column":13},"end":{"line":8,"column":28}},"6":{"start":{"line":9,"column":15},"end":{"line":9,"column":49}},"7":{"start":{"line":10,"column":17},"end":{"line":10,"column":32}},"8":{"start":{"line":11,"column":11},"end":{"line":11,"column":24}},"9":{"start":{"line":12,"column":19},"end":{"line":12,"column":41}},"10":{"start":{"line":14,"column":0},"end":{"line":16,"column":3}},"11":{"start":{"line":15,"column":4},"end":{"line":15,"column":28}},"12":{"start":{"line":17,"column":0},"end":{"line":29,"column":3}},"13":{"start":{"line":18,"column":4},"end":{"line":18,"column":47}},"14":{"start":{"line":19,"column":4},"end":{"line":28,"column":7}},"15":{"start":{"line":20,"column":8},"end":{"line":23,"column":9}},"16":{"start":{"line":21,"column":12},"end":{"line":21,"column":29}},"17":{"start":{"line":22,"column":12},"end":{"line":22,"column":19}},"18":{"start":{"line":24,"column":8},"end":{"line":24,"column":38}},"19":{"start":{"line":25,"column":24},"end":{"line":25,"column":40}},"20":{"start":{"line":26,"column":8},"end":{"line":26,"column":29}},"21":{"start":{"line":27,"column":8},"end":{"line":27,"column":38}},"22":{"start":{"line":30,"column":0},"end":{"line":39,"column":3}},"23":{"start":{"line":31,"column":18},"end":{"line":31,"column":67}},"24":{"start":{"line":31,"column":40},"end":{"line":31,"column":66}},"25":{"start":{"line":32,"column":20},"end":{"line":32,"column":74}},"26":{"start":{"line":32,"column":47},"end":{"line":32,"column":73}},"27":{"start":{"line":33,"column":4},"end":{"line":38,"column":5}},"28":{"start":{"line":34,"column":8},"end":{"line":34,"column":47}},"29":{"start":{"line":37,"column":8},"end":{"line":37,"column":48}},"30":{"start":{"line":40,"column":0},"end":{"line":74,"column":3}},"31":{"start":{"line":41,"column":15},"end":{"line":41,"column":83}},"32":{"start":{"line":42,"column":101},"end":{"line":42,"column":109}},"33":{"start":{"line":43,"column":20},"end":{"line":55,"column":5}},"34":{"start":{"line":56,"column":4},"end":{"line":56,"column":27}},"35":{"start":{"line":57,"column":4},"end":{"line":57,"column":26}},"36":{"start":{"line":63,"column":4},"end":{"line":72,"column":5}},"37":{"start":{"line":64,"column":8},"end":{"line":68,"column":11}},"38":{"start":{"line":65,"column":12},"end":{"line":66,"column":26}},"39":{"start":{"line":66,"column":16},"end":{"line":66,"column":26}},"40":{"start":{"line":67,"column":12},"end":{"line":67,"column":34}},"41":{"start":{"line":71,"column":8},"end":{"line":71,"column":27}},"42":{"start":{"line":73,"column":4},"end":{"line":73,"column":34}},"43":{"start":{"line":75,"column":0},"end":{"line":110,"column":3}},"44":{"start":{"line":76,"column":18},"end":{"line":76,"column":67}},"45":{"start":{"line":76,"column":40},"end":{"line":76,"column":66}},"46":{"start":{"line":77,"column":20},"end":{"line":77,"column":74}},"47":{"start":{"line":77,"column":47},"end":{"line":77,"column":73}},"48":{"start":{"line":78,"column":4},"end":{"line":109,"column":5}},"49":{"start":{"line":79,"column":8},"end":{"line":79,"column":47}},"50":{"start":{"line":82,"column":120},"end":{"line":82,"column":137}},"51":{"start":{"line":83,"column":24},"end":{"line":95,"column":9}},"52":{"start":{"line":96,"column":8},"end":{"line":96,"column":36}},"53":{"start":{"line":98,"column":8},"end":{"line":107,"column":9}},"54":{"start":{"line":99,"column":12},"end":{"line":103,"column":15}},"55":{"start":{"line":100,"column":16},"end":{"line":101,"column":32}},"56":{"start":{"line":101,"column":20},"end":{"line":101,"column":32}},"57":{"start":{"line":102,"column":16},"end":{"line":102,"column":38}},"58":{"start":{"line":106,"column":12},"end":{"line":106,"column":31}},"59":{"start":{"line":108,"column":8},"end":{"line":108,"column":38}},"60":{"start":{"line":111,"column":0},"end":{"line":127,"column":3}},"61":{"start":{"line":112,"column":18},"end":{"line":112,"column":67}},"62":{"start":{"line":112,"column":40},"end":{"line":112,"column":66}},"63":{"start":{"line":114,"column":4},"end":{"line":114,"column":23}},"64":{"start":{"line":115,"column":4},"end":{"line":126,"column":5}},"65":{"start":{"line":116,"column":8},"end":{"line":116,"column":47}},"66":{"start":{"line":119,"column":28},"end":{"line":119,"column":83}},"67":{"start":{"line":119,"column":54},"end":{"line":119,"column":82}},"68":{"start":{"line":120,"column":8},"end":{"line":124,"column":11}},"69":{"start":{"line":121,"column":12},"end":{"line":122,"column":26}},"70":{"start":{"line":122,"column":16},"end":{"line":122,"column":26}},"71":{"start":{"line":123,"column":12},"end":{"line":123,"column":37}},"72":{"start":{"line":125,"column":8},"end":{"line":125,"column":45}},"73":{"start":{"line":128,"column":0},"end":{"line":128,"column":24}}},"fnMap":{"0":{"name":"(anonymous_0)","decl":{"start":{"line":2,"column":56},"end":{"line":2,"column":57}},"loc":{"start":{"line":2,"column":71},"end":{"line":4,"column":1}},"line":2},"1":{"name":"(anonymous_1)","decl":{"start":{"line":14,"column":16},"end":{"line":14,"column":17}},"loc":{"start":{"line":14,"column":42},"end":{"line":16,"column":1}},"line":14},"2":{"name":"(anonymous_2)","decl":{"start":{"line":17,"column":28},"end":{"line":17,"column":29}},"loc":{"start":{"line":17,"column":48},"end":{"line":29,"column":1}},"line":17},"3":{"name":"(anonymous_3)","decl":{"start":{"line":19,"column":32},"end":{"line":19,"column":33}},"loc":{"start":{"line":19,"column":47},"end":{"line":28,"column":5}},"line":19},"4":{"name":"(anonymous_4)","decl":{"start":{"line":30,"column":32},"end":{"line":30,"column":33}},"loc":{"start":{"line":30,"column":52},"end":{"line":39,"column":1}},"line":30},"5":{"name":"(anonymous_5)","decl":{"start":{"line":31,"column":32},"end":{"line":31,"column":33}},"loc":{"start":{"line":31,"column":40},"end":{"line":31,"column":66}},"line":31},"6":{"name":"(anonymous_6)","decl":{"start":{"line":32,"column":39},"end":{"line":32,"column":40}},"loc":{"start":{"line":32,"column":47},"end":{"line":32,"column":73}},"line":32},"7":{"name":"(anonymous_7)","decl":{"start":{"line":40,"column":29},"end":{"line":40,"column":30}},"loc":{"start":{"line":40,"column":55},"end":{"line":74,"column":1}},"line":40},"8":{"name":"(anonymous_8)","decl":{"start":{"line":64,"column":87},"end":{"line":64,"column":88}},"loc":{"start":{"line":64,"column":96},"end":{"line":68,"column":9}},"line":64},"9":{"name":"(anonymous_9)","decl":{"start":{"line":75,"column":32},"end":{"line":75,"column":33}},"loc":{"start":{"line":75,"column":58},"end":{"line":110,"column":1}},"line":75},"10":{"name":"(anonymous_10)","decl":{"start":{"line":76,"column":32},"end":{"line":76,"column":33}},"loc":{"start":{"line":76,"column":40},"end":{"line":76,"column":66}},"line":76},"11":{"name":"(anonymous_11)","decl":{"start":{"line":77,"column":39},"end":{"line":77,"column":40}},"loc":{"start":{"line":77,"column":47},"end":{"line":77,"column":73}},"line":77},"12":{"name":"(anonymous_12)","decl":{"start":{"line":99,"column":91},"end":{"line":99,"column":92}},"loc":{"start":{"line":99,"column":102},"end":{"line":103,"column":13}},"line":99},"13":{"name":"(anonymous_13)","decl":{"start":{"line":111,"column":35},"end":{"line":111,"column":36}},"loc":{"start":{"line":111,"column":61},"end":{"line":127,"column":1}},"line":111},"14":{"name":"(anonymous_14)","decl":{"start":{"line":112,"column":32},"end":{"line":112,"column":33}},"loc":{"start":{"line":112,"column":40},"end":{"line":112,"column":66}},"line":112},"15":{"name":"(anonymous_15)","decl":{"start":{"line":119,"column":44},"end":{"line":119,"column":45}},"loc":{"start":{"line":119,"column":54},"end":{"line":119,"column":82}},"line":119},"16":{"name":"(anonymous_16)","decl":{"start":{"line":120,"column":83},"end":{"line":120,"column":84}},"loc":{"start":{"line":120,"column":92},"end":{"line":124,"column":9}},"line":120}},"branchMap":{"0":{"loc":{"start":{"line":2,"column":22},"end":{"line":4,"column":1}},"type":"binary-expr","locations":[{"start":{"line":2,"column":23},"end":{"line":2,"column":27}},{"start":{"line":2,"column":31},"end":{"line":2,"column":51}},{"start":{"line":2,"column":56},"end":{"line":4,"column":1}}],"line":2},"1":{"loc":{"start":{"line":3,"column":11},"end":{"line":3,"column":61}},"type":"cond-expr","locations":[{"start":{"line":3,"column":37},"end":{"line":3,"column":40}},{"start":{"line":3,"column":43},"end":{"line":3,"column":61}}],"line":3},"2":{"loc":{"start":{"line":3,"column":12},"end":{"line":3,"column":33}},"type":"binary-expr","locations":[{"start":{"line":3,"column":12},"end":{"line":3,"column":15}},{"start":{"line":3,"column":19},"end":{"line":3,"column":33}}],"line":3},"3":{"loc":{"start":{"line":20,"column":8},"end":{"line":23,"column":9}},"type":"if","locations":[{"start":{"line":20,"column":8},"end":{"line":23,"column":9}},{"start":{"line":20,"column":8},"end":{"line":23,"column":9}}],"line":20},"4":{"loc":{"start":{"line":33,"column":4},"end":{"line":38,"column":5}},"type":"if","locations":[{"start":{"line":33,"column":4},"end":{"line":38,"column":5}},{"start":{"line":33,"column":4},"end":{"line":38,"column":5}}],"line":33},"5":{"loc":{"start":{"line":41,"column":15},"end":{"line":41,"column":83}},"type":"cond-expr","locations":[{"start":{"line":41,"column":40},"end":{"line":41,"column":78}},{"start":{"line":41,"column":82},"end":{"line":41,"column":83}}],"line":41},"6":{"loc":{"start":{"line":44,"column":22},"end":{"line":44,"column":40}},"type":"binary-expr","locations":[{"start":{"line":44,"column":22},"end":{"line":44,"column":34}},{"start":{"line":44,"column":38},"end":{"line":44,"column":40}}],"line":44},"7":{"loc":{"start":{"line":47,"column":18},"end":{"line":47,"column":32}},"type":"binary-expr","locations":[{"start":{"line":47,"column":18},"end":{"line":47,"column":26}},{"start":{"line":47,"column":30},"end":{"line":47,"column":32}}],"line":47},"8":{"loc":{"start":{"line":48,"column":21},"end":{"line":48,"column":38}},"type":"binary-expr","locations":[{"start":{"line":48,"column":21},"end":{"line":48,"column":32}},{"start":{"line":48,"column":36},"end":{"line":48,"column":38}}],"line":48},"9":{"loc":{"start":{"line":49,"column":17},"end":{"line":49,"column":30}},"type":"binary-expr","locations":[{"start":{"line":49,"column":17},"end":{"line":49,"column":24}},{"start":{"line":49,"column":28},"end":{"line":49,"column":30}}],"line":49},"10":{"loc":{"start":{"line":50,"column":13},"end":{"line":50,"column":22}},"type":"binary-expr","locations":[{"start":{"line":50,"column":13},"end":{"line":50,"column":16}},{"start":{"line":50,"column":20},"end":{"line":50,"column":22}}],"line":50},"11":{"loc":{"start":{"line":51,"column":17},"end":{"line":51,"column":30}},"type":"binary-expr","locations":[{"start":{"line":51,"column":17},"end":{"line":51,"column":24}},{"start":{"line":51,"column":28},"end":{"line":51,"column":30}}],"line":51},"12":{"loc":{"start":{"line":53,"column":23},"end":{"line":53,"column":41}},"type":"binary-expr","locations":[{"start":{"line":53,"column":23},"end":{"line":53,"column":36}},{"start":{"line":53,"column":40},"end":{"line":53,"column":41}}],"line":53},"13":{"loc":{"start":{"line":54,"column":19},"end":{"line":54,"column":34}},"type":"binary-expr","locations":[{"start":{"line":54,"column":19},"end":{"line":54,"column":28}},{"start":{"line":54,"column":32},"end":{"line":54,"column":34}}],"line":54},"14":{"loc":{"start":{"line":65,"column":12},"end":{"line":66,"column":26}},"type":"if","locations":[{"start":{"line":65,"column":12},"end":{"line":66,"column":26}},{"start":{"line":65,"column":12},"end":{"line":66,"column":26}}],"line":65},"15":{"loc":{"start":{"line":78,"column":4},"end":{"line":109,"column":5}},"type":"if","locations":[{"start":{"line":78,"column":4},"end":{"line":109,"column":5}},{"start":{"line":78,"column":4},"end":{"line":109,"column":5}}],"line":78},"16":{"loc":{"start":{"line":84,"column":26},"end":{"line":84,"column":63}},"type":"binary-expr","locations":[{"start":{"line":84,"column":26},"end":{"line":84,"column":47}},{"start":{"line":84,"column":51},"end":{"line":84,"column":63}}],"line":84},"17":{"loc":{"start":{"line":87,"column":22},"end":{"line":87,"column":51}},"type":"binary-expr","locations":[{"start":{"line":87,"column":22},"end":{"line":87,"column":39}},{"start":{"line":87,"column":43},"end":{"line":87,"column":51}}],"line":87},"18":{"loc":{"start":{"line":88,"column":25},"end":{"line":88,"column":60}},"type":"binary-expr","locations":[{"start":{"line":88,"column":25},"end":{"line":88,"column":45}},{"start":{"line":88,"column":49},"end":{"line":88,"column":60}}],"line":88},"19":{"loc":{"start":{"line":89,"column":21},"end":{"line":89,"column":48}},"type":"binary-expr","locations":[{"start":{"line":89,"column":21},"end":{"line":89,"column":37}},{"start":{"line":89,"column":41},"end":{"line":89,"column":48}}],"line":89},"20":{"loc":{"start":{"line":90,"column":17},"end":{"line":90,"column":36}},"type":"binary-expr","locations":[{"start":{"line":90,"column":17},"end":{"line":90,"column":29}},{"start":{"line":90,"column":33},"end":{"line":90,"column":36}}],"line":90},"21":{"loc":{"start":{"line":91,"column":21},"end":{"line":91,"column":48}},"type":"binary-expr","locations":[{"start":{"line":91,"column":21},"end":{"line":91,"column":37}},{"start":{"line":91,"column":41},"end":{"line":91,"column":48}}],"line":91},"22":{"loc":{"start":{"line":93,"column":27},"end":{"line":93,"column":66}},"type":"binary-expr","locations":[{"start":{"line":93,"column":27},"end":{"line":93,"column":49}},{"start":{"line":93,"column":53},"end":{"line":93,"column":66}}],"line":93},"23":{"loc":{"start":{"line":94,"column":23},"end":{"line":94,"column":54}},"type":"binary-expr","locations":[{"start":{"line":94,"column":23},"end":{"line":94,"column":41}},{"start":{"line":94,"column":45},"end":{"line":94,"column":54}}],"line":94},"24":{"loc":{"start":{"line":100,"column":16},"end":{"line":101,"column":32}},"type":"if","locations":[{"start":{"line":100,"column":16},"end":{"line":101,"column":32}},{"start":{"line":100,"column":16},"end":{"line":101,"column":32}}],"line":100},"25":{"loc":{"start":{"line":115,"column":4},"end":{"line":126,"column":5}},"type":"if","locations":[{"start":{"line":115,"column":4},"end":{"line":126,"column":5}},{"start":{"line":115,"column":4},"end":{"line":126,"column":5}}],"line":115},"26":{"loc":{"start":{"line":121,"column":12},"end":{"line":122,"column":26}},"type":"if","locations":[{"start":{"line":121,"column":12},"end":{"line":122,"column":26}},{"start":{"line":121,"column":12},"end":{"line":122,"column":26}}],"line":121}},"s":{"0":2,"1":2,"2":2,"3":2,"4":2,"5":2,"6":2,"7":2,"8":2,"9":2,"10":2,"11":0,"12":2,"13":2,"14":2,"15":2,"16":0,"17":0,"18":2,"19":2,"20":2,"21":2,"22":2,"23":6,"24":40,"25":6,"26":40,"27":6,"28":2,"29":4,"30":2,"31":4,"32":4,"33":4,"34":4,"35":4,"36":4,"37":4,"38":0,"39":0,"40":0,"41":0,"42":4,"43":2,"44":6,"45":60,"46":6,"47":60,"48":6,"49":6,"50":0,"51":0,"52":0,"53":0,"54":0,"55":0,"56":0,"57":0,"58":0,"59":0,"60":2,"61":6,"62":60,"63":6,"64":6,"65":6,"66":0,"67":0,"68":0,"69":0,"70":0,"71":0,"72":0,"73":2},"f":{"0":2,"1":0,"2":2,"3":2,"4":6,"5":40,"6":40,"7":4,"8":0,"9":6,"10":60,"11":60,"12":0,"13":6,"14":60,"15":0,"16":0},"b":{"0":[2,2,2],"1":[0,2],"2":[2,2],"3":[0,2],"4":[2,4],"5":[4,0],"6":[4,2],"7":[4,2],"8":[4,2],"9":[4,2],"10":[4,2],"11":[4,2],"12":[4,2],"13":[4,2],"14":[0,0],"15":[6,0],"16":[0,0],"17":[0,0],"18":[0,0],"19":[0,0],"20":[0,0],"21":[0,0],"22":[0,0],"23":[0,0],"24":[0,0],"25":[6,0],"26":[0,0]},"inputSourceMap":null,"_coverageSchema":"1a1c01bbd47fc00a2c39e90264f33305004495a9","hash":"786f7cbbbf3a0394cfbebfaae88f9848596f9c2e"}
,"/Users/decagon/Desktop/Practice/week-6-node-008-chiemerie386/lib/routes/users.js": {"path":"/Users/decagon/Desktop/Practice/week-6-node-008-chiemerie386/lib/routes/users.js","statementMap":{"0":{"start":{"line":2,"column":22},"end":{"line":4,"column":1}},"1":{"start":{"line":3,"column":4},"end":{"line":3,"column":62}},"2":{"start":{"line":5,"column":0},"end":{"line":5,"column":62}},"3":{"start":{"line":6,"column":18},"end":{"line":6,"column":53}},"4":{"start":{"line":7,"column":15},"end":{"line":7,"column":41}},"5":{"start":{"line":9,"column":0},"end":{"line":11,"column":3}},"6":{"start":{"line":10,"column":4},"end":{"line":10,"column":40}},"7":{"start":{"line":12,"column":0},"end":{"line":12,"column":24}}},"fnMap":{"0":{"name":"(anonymous_0)","decl":{"start":{"line":2,"column":56},"end":{"line":2,"column":57}},"loc":{"start":{"line":2,"column":71},"end":{"line":4,"column":1}},"line":2},"1":{"name":"(anonymous_1)","decl":{"start":{"line":9,"column":16},"end":{"line":9,"column":17}},"loc":{"start":{"line":9,"column":42},"end":{"line":11,"column":1}},"line":9}},"branchMap":{"0":{"loc":{"start":{"line":2,"column":22},"end":{"line":4,"column":1}},"type":"binary-expr","locations":[{"start":{"line":2,"column":23},"end":{"line":2,"column":27}},{"start":{"line":2,"column":31},"end":{"line":2,"column":51}},{"start":{"line":2,"column":56},"end":{"line":4,"column":1}}],"line":2},"1":{"loc":{"start":{"line":3,"column":11},"end":{"line":3,"column":61}},"type":"cond-expr","locations":[{"start":{"line":3,"column":37},"end":{"line":3,"column":40}},{"start":{"line":3,"column":43},"end":{"line":3,"column":61}}],"line":3},"2":{"loc":{"start":{"line":3,"column":12},"end":{"line":3,"column":33}},"type":"binary-expr","locations":[{"start":{"line":3,"column":12},"end":{"line":3,"column":15}},{"start":{"line":3,"column":19},"end":{"line":3,"column":33}}],"line":3}},"s":{"0":2,"1":2,"2":2,"3":2,"4":2,"5":2,"6":0,"7":2},"f":{"0":2,"1":0},"b":{"0":[2,2,2],"1":[0,2],"2":[2,2]},"inputSourceMap":null,"_coverageSchema":"1a1c01bbd47fc00a2c39e90264f33305004495a9","hash":"ea00cf5e9f43bed711a65f9bd53cbb3c0fac2f9f"}
}
