TN:
SF:lib/app.js
FN:2,(anonymous_0)
FN:25,(anonymous_1)
FN:29,(anonymous_2)
FNF:3
FNH:3
FNDA:10,(anonymous_0)
FNDA:2,(anonymous_1)
FNDA:2,(anonymous_2)
DA:2,2
DA:3,10
DA:5,2
DA:6,2
DA:7,2
DA:8,2
DA:9,2
DA:10,2
DA:11,2
DA:12,2
DA:13,2
DA:15,2
DA:16,2
DA:17,2
DA:18,2
DA:19,2
DA:20,2
DA:21,2
DA:22,2
DA:23,2
DA:25,2
DA:26,2
DA:29,2
DA:31,2
DA:32,2
DA:34,2
DA:35,2
DA:37,2
LF:28
LH:28
BRDA:2,0,0,2
BRDA:2,0,1,2
BRDA:2,0,2,2
BRDA:3,1,0,0
BRDA:3,1,1,10
BRDA:3,2,0,10
BRDA:3,2,1,10
BRDA:32,3,0,0
BRDA:32,3,1,2
BRDA:34,4,0,2
BRDA:34,4,1,0
BRF:11
BRH:8
end_of_record
TN:
SF:lib/routes/index.js
FN:2,(anonymous_0)
FN:14,(anonymous_1)
FN:17,(anonymous_2)
FN:19,(anonymous_3)
FN:30,(anonymous_4)
FN:31,(anonymous_5)
FN:32,(anonymous_6)
FN:40,(anonymous_7)
FN:64,(anonymous_8)
FN:75,(anonymous_9)
FN:76,(anonymous_10)
FN:77,(anonymous_11)
FN:99,(anonymous_12)
FN:111,(anonymous_13)
FN:112,(anonymous_14)
FN:119,(anonymous_15)
FN:120,(anonymous_16)
FNF:17
FNH:12
FNDA:2,(anonymous_0)
FNDA:0,(anonymous_1)
FNDA:2,(anonymous_2)
FNDA:2,(anonymous_3)
FNDA:6,(anonymous_4)
FNDA:40,(anonymous_5)
FNDA:40,(anonymous_6)
FNDA:4,(anonymous_7)
FNDA:0,(anonymous_8)
FNDA:6,(anonymous_9)
FNDA:60,(anonymous_10)
FNDA:60,(anonymous_11)
FNDA:0,(anonymous_12)
FNDA:6,(anonymous_13)
FNDA:60,(anonymous_14)
FNDA:0,(anonymous_15)
FNDA:0,(anonymous_16)
DA:2,2
DA:3,2
DA:5,2
DA:6,2
DA:7,2
DA:8,2
DA:9,2
DA:10,2
DA:11,2
DA:12,2
DA:14,2
DA:15,0
DA:17,2
DA:18,2
DA:19,2
DA:20,2
DA:21,0
DA:22,0
DA:24,2
DA:25,2
DA:26,2
DA:27,2
DA:30,2
DA:31,40
DA:32,40
DA:33,6
DA:34,2
DA:37,4
DA:40,2
DA:41,4
DA:42,4
DA:43,4
DA:56,4
DA:57,4
DA:63,4
DA:64,4
DA:65,0
DA:66,0
DA:67,0
DA:71,0
DA:73,4
DA:75,2
DA:76,60
DA:77,60
DA:78,6
DA:79,6
DA:82,0
DA:83,0
DA:96,0
DA:98,0
DA:99,0
DA:100,0
DA:101,0
DA:102,0
DA:106,0
DA:108,0
DA:111,2
DA:112,60
DA:114,6
DA:115,6
DA:116,6
DA:119,0
DA:120,0
DA:121,0
DA:122,0
DA:123,0
DA:125,0
DA:128,2
LF:68
LH:45
BRDA:2,0,0,2
BRDA:2,0,1,2
BRDA:2,0,2,2
BRDA:3,1,0,0
BRDA:3,1,1,2
BRDA:3,2,0,2
BRDA:3,2,1,2
BRDA:20,3,0,0
BRDA:20,3,1,2
BRDA:33,4,0,2
BRDA:33,4,1,4
BRDA:41,5,0,4
BRDA:41,5,1,0
BRDA:44,6,0,4
BRDA:44,6,1,2
BRDA:47,7,0,4
BRDA:47,7,1,2
BRDA:48,8,0,4
BRDA:48,8,1,2
BRDA:49,9,0,4
BRDA:49,9,1,2
BRDA:50,10,0,4
BRDA:50,10,1,2
BRDA:51,11,0,4
BRDA:51,11,1,2
BRDA:53,12,0,4
BRDA:53,12,1,2
BRDA:54,13,0,4
BRDA:54,13,1,2
BRDA:65,14,0,0
BRDA:65,14,1,0
BRDA:78,15,0,6
BRDA:78,15,1,0
BRDA:84,16,0,0
BRDA:84,16,1,0
BRDA:87,17,0,0
BRDA:87,17,1,0
BRDA:88,18,0,0
BRDA:88,18,1,0
BRDA:89,19,0,0
BRDA:89,19,1,0
BRDA:90,20,0,0
BRDA:90,20,1,0
BRDA:91,21,0,0
BRDA:91,21,1,0
BRDA:93,22,0,0
BRDA:93,22,1,0
BRDA:94,23,0,0
BRDA:94,23,1,0
BRDA:100,24,0,0
BRDA:100,24,1,0
BRDA:115,25,0,6
BRDA:115,25,1,0
BRDA:121,26,0,0
BRDA:121,26,1,0
BRF:55
BRH:28
end_of_record
TN:
SF:lib/routes/users.js
FN:2,(anonymous_0)
FN:9,(anonymous_1)
FNF:2
FNH:1
FNDA:2,(anonymous_0)
FNDA:0,(anonymous_1)
DA:2,2
DA:3,2
DA:5,2
DA:6,2
DA:7,2
DA:9,2
DA:10,0
DA:12,2
LF:8
LH:7
BRDA:2,0,0,2
BRDA:2,0,1,2
BRDA:2,0,2,2
BRDA:3,1,0,0
BRDA:3,1,1,2
BRDA:3,2,0,2
BRDA:3,2,1,2
BRF:7
BRH:6
end_of_record
